<?xml version="1.0" encoding="UTF-8"?>
<!-- Generated by org.testng.reporters.JUnitXMLReporter -->
<testsuite hostname="LTIN299889" ignored="0" name="CucumberTestNG" tests="2" failures="0" timestamp="15 Aug 2023 08:53:47 GMT" time="21.871" errors="0">
  <testcase name="runScenario" time="21.008" classname="io.cucumber.testng.AbstractTestNGCucumberTests"/>
  <testcase name="runScenario" time="21.43" classname="io.cucumber.testng.AbstractTestNGCucumberTests"/>
</testsuite> <!-- CucumberTestNG -->
