<?xml version="1.0" encoding="UTF-8"?>
<!-- Generated by org.testng.reporters.JUnitXMLReporter -->
<testsuite hostname="LTIN299889" ignored="3" name="Test" tests="4" failures="1" timestamp="06 Aug 2023 14:25:44 GMT" time="0.083" errors="0">
  <testcase name="eat" time="0.025" classname="testNg.secondTestNG">
    <failure type="org.testng.internal.reflect.MethodMatcherException" message="
Data provider mismatch
Method: eat([])
Arguments: [(java.lang.String) load1,(java.lang.String) 123456]">
      <![CDATA[org.testng.internal.reflect.MethodMatcherException: 
Data provider mismatch
Method: eat([])
Arguments: [(java.lang.String) load1,(java.lang.String) 123456]
... Removed 20 stack frames]]>
    </failure>
  </testcase> <!-- eat -->
  <testcase name="play" time="0.009" classname="testNg.secondTestNG"/>
  <testcase name="play" time="0.001" classname="testNg.secondTestNG"/>
  <testcase name="playzz2" time="0.001" classname="testNg.secondTestNG"/>
  <testcase name="eatzz" time="0.0" classname="testNg.secondTestNG">
    <ignored/>
  </testcase> <!-- eatzz -->
  <testcase name="playzz1" time="0.0" classname="testNg.secondTestNG">
    <ignored/>
  </testcase> <!-- playzz1 -->
  <testcase name="playzz" time="0.0" classname="testNg.secondTestNG">
    <ignored/>
  </testcase> <!-- playzz -->
</testsuite> <!-- Test -->
