<?xml version="1.0" encoding="UTF-8"?>
<!-- Generated by org.testng.reporters.JUnitXMLReporter -->
<testsuite hostname="LTIN299889" ignored="4" name="Test1" tests="4" failures="0" timestamp="06 Aug 2023 15:37:19 GMT" time="0.065" errors="0">
  <testcase name="dispaly" time="0.01" classname="testNg.runnerTestNG"/>
  <testcase name="play" time="0.01" classname="testNg.secondTestNG"/>
  <testcase name="play" time="0.002" classname="testNg.secondTestNG"/>
  <testcase name="playzz2" time="0.002" classname="testNg.secondTestNG"/>
  <testcase name="eatzz" time="0.0" classname="testNg.secondTestNG">
    <ignored/>
  </testcase> <!-- eatzz -->
  <testcase name="playzz1" time="0.0" classname="testNg.secondTestNG">
    <ignored/>
  </testcase> <!-- playzz1 -->
  <testcase name="eat" time="0.0" classname="testNg.secondTestNG">
    <ignored/>
  </testcase> <!-- eat -->
  <testcase name="playzz" time="0.0" classname="testNg.secondTestNG">
    <ignored/>
  </testcase> <!-- playzz -->
</testsuite> <!-- Test1 -->
