<?xml version="1.0" encoding="UTF-8"?>
<testng-results skipped="0" failed="0" ignored="0" total="1" passed="1">
  <reporter-output>
  </reporter-output>
  <suite name="Default suite" duration-ms="49" started-at="2023-11-30T08:11:48Z" finished-at="2023-11-30T08:11:48Z">
    <groups>
    </groups>
    <test name="Default test" duration-ms="49" started-at="2023-11-30T08:11:48Z" finished-at="2023-11-30T08:11:48Z">
      <class name="cucumber_Junit.ordersAnno">
        <test-method status="PASS" signature="test()[pri:0, instance:cucumber_Junit.ordersAnno@166fa74d]" name="test" duration-ms="13" started-at="2023-11-30T08:11:48Z" finished-at="2023-11-30T08:11:48Z">
          <reporter-output>
          </reporter-output>
        </test-method> <!-- test -->
      </class> <!-- cucumber_Junit.ordersAnno -->
    </test> <!-- Default test -->
  </suite> <!-- Default suite -->
</testng-results>
